{"level":"info","message":"Starting base data seeding...","timestamp":"2026-02-22 14:37:47"}
{"level":"info","message":"Created company: Gem Aromatics","timestamp":"2026-02-22 14:37:47"}
{"level":"info","message":"Created company: Demo Company","timestamp":"2026-02-22 14:37:47"}
{"level":"info","message":"Created department: Sales","timestamp":"2026-02-22 14:37:47"}
{"level":"info","message":"Created department: Marketing","timestamp":"2026-02-22 14:37:47"}
{"level":"info","message":"Created department: Operations","timestamp":"2026-02-22 14:37:47"}
{"level":"info","message":"Created department: Finance","timestamp":"2026-02-22 14:37:47"}
{"level":"info","message":"Created department: IT","timestamp":"2026-02-22 14:37:47"}
{"level":"info","message":"Created department: HR","timestamp":"2026-02-22 14:37:47"}
{"level":"info","message":"Created location: Head Office","timestamp":"2026-02-22 14:37:47"}
{"level":"info","message":"Created location: Warehouse","timestamp":"2026-02-22 14:37:47"}
{"level":"info","message":"Created location: Branch Office","timestamp":"2026-02-22 14:37:47"}
{"level":"info","message":"Created location: Remote","timestamp":"2026-02-22 14:37:47"}
{"level":"info","message":"Created department: General","timestamp":"2026-02-22 14:37:47"}
{"level":"info","message":"Created location: Main Office","timestamp":"2026-02-22 14:37:47"}
{"level":"info","message":"Creating superadmin user...","timestamp":"2026-02-22 14:37:59"}
{"level":"info","message":"Superadmin user created successfully","timestamp":"2026-02-22 14:38:00"}
{"level":"info","message":"Server running on port 26627 in development mode","timestamp":"2026-02-22 15:01:25"}
{"level":"info","message":"API URL: http://localhost:26627","timestamp":"2026-02-22 15:01:25"}
{"level":"info","message":"App URL: http://localhost:3000","timestamp":"2026-02-22 15:01:25"}
{"level":"info","message":"Starting cron jobs...","timestamp":"2026-02-22 15:01:25"}
{"level":"info","message":"Review reminder job started (runs hourly)","timestamp":"2026-02-22 15:01:25"}
{"level":"info","message":"Database connection established successfully","timestamp":"2026-02-22 15:01:25"}
{"code":"EAUTH","command":"AUTH PLAIN","level":"error","message":"Email transporter verification failed: Invalid login: 535-5.7.8 Username and Password not accepted. For more information, go to\n535 5.7.8  https://support.google.com/mail/?p=BadCredentials 98e67ed59e1d1-358a1ad45f7sm3275078a91.1 - gsmtp","response":"535-5.7.8 Username and Password not accepted. For more information, go to\n535 5.7.8  https://support.google.com/mail/?p=BadCredentials 98e67ed59e1d1-358a1ad45f7sm3275078a91.1 - gsmtp","responseCode":535,"stack":"Error: Invalid login: 535-5.7.8 Username and Password not accepted. For more information, go to\n535 5.7.8  https://support.google.com/mail/?p=BadCredentials 98e67ed59e1d1-358a1ad45f7sm3275078a91.1 - gsmtp\n    at SMTPConnection._formatError (C:\\Users\\JSK\\Desktop\\apps\\backend\\node_modules\\nodemailer\\lib\\smtp-connection\\index.js:912:19)\n    at SMTPConnection._actionAUTHComplete (C:\\Users\\JSK\\Desktop\\apps\\backend\\node_modules\\nodemailer\\lib\\smtp-connection\\index.js:1722:34)\n    at SMTPConnection.<anonymous> (C:\\Users\\JSK\\Desktop\\apps\\backend\\node_modules\\nodemailer\\lib\\smtp-connection\\index.js:651:26)\n    at SMTPConnection._processResponse (C:\\Users\\JSK\\Desktop\\apps\\backend\\node_modules\\nodemailer\\lib\\smtp-connection\\index.js:1098:20)\n    at SMTPConnection._onData (C:\\Users\\JSK\\Desktop\\apps\\backend\\node_modules\\nodemailer\\lib\\smtp-connection\\index.js:872:14)\n    at SMTPConnection._onSocketData (C:\\Users\\JSK\\Desktop\\apps\\backend\\node_modules\\nodemailer\\lib\\smtp-connection\\index.js:196:44)\n    at TLSSocket.emit (node:events:508:28)\n    at addChunk (node:internal/streams/readable:559:12)\n    at readableAddChunkPushByteMode (node:internal/streams/readable:510:3)\n    at Readable.push (node:internal/streams/readable:390:5)","timestamp":"2026-02-22 15:01:30"}
{"ip":"::1","level":"info","message":"GET /api/v1/health","timestamp":"2026-02-22 15:03:34","userAgent":"Mozilla/5.0 (Windows NT 10.0; Win64; x64) AppleWebKit/537.36 (KHTML, like Gecko) Chrome/145.0.0.0 Safari/537.36"}
{"ip":"::1","level":"info","message":"GET /favicon.ico","timestamp":"2026-02-22 15:03:36","userAgent":"Mozilla/5.0 (Windows NT 10.0; Win64; x64) AppleWebKit/537.36 (KHTML, like Gecko) Chrome/145.0.0.0 Safari/537.36"}
{"ip":"::1","level":"info","message":"GET /","timestamp":"2026-02-22 15:03:58","userAgent":"Mozilla/5.0 (Windows NT 10.0; Win64; x64) AppleWebKit/537.36 (KHTML, like Gecko) Chrome/145.0.0.0 Safari/537.36"}
{"level":"info","message":"SIGINT received. Starting graceful shutdown...","timestamp":"2026-02-22 15:07:42"}
{"level":"info","message":"Server running on port 26627 in development mode","timestamp":"2026-02-22 15:07:55"}
{"level":"info","message":"API URL: http://localhost:26627","timestamp":"2026-02-22 15:07:55"}
{"level":"info","message":"App URL: http://localhost:3000","timestamp":"2026-02-22 15:07:55"}
{"level":"info","message":"Starting cron jobs...","timestamp":"2026-02-22 15:07:55"}
{"level":"info","message":"Review reminder job started (runs hourly)","timestamp":"2026-02-22 15:07:55"}
{"level":"info","message":"Database connection established successfully","timestamp":"2026-02-22 15:07:55"}
{"code":"EAUTH","command":"AUTH PLAIN","level":"error","message":"Email transporter verification failed: Invalid login: 535-5.7.8 Username and Password not accepted. For more information, go to\n535 5.7.8  https://support.google.com/mail/?p=BadCredentials 41be03b00d2f7-c70b7243047sm4221061a12.17 - gsmtp","response":"535-5.7.8 Username and Password not accepted. For more information, go to\n535 5.7.8  https://support.google.com/mail/?p=BadCredentials 41be03b00d2f7-c70b7243047sm4221061a12.17 - gsmtp","responseCode":535,"stack":"Error: Invalid login: 535-5.7.8 Username and Password not accepted. For more information, go to\n535 5.7.8  https://support.google.com/mail/?p=BadCredentials 41be03b00d2f7-c70b7243047sm4221061a12.17 - gsmtp\n    at SMTPConnection._formatError (C:\\Users\\JSK\\Desktop\\apps\\backend\\node_modules\\nodemailer\\lib\\smtp-connection\\index.js:912:19)\n    at SMTPConnection._actionAUTHComplete (C:\\Users\\JSK\\Desktop\\apps\\backend\\node_modules\\nodemailer\\lib\\smtp-connection\\index.js:1722:34)\n    at SMTPConnection.<anonymous> (C:\\Users\\JSK\\Desktop\\apps\\backend\\node_modules\\nodemailer\\lib\\smtp-connection\\index.js:651:26)\n    at SMTPConnection._processResponse (C:\\Users\\JSK\\Desktop\\apps\\backend\\node_modules\\nodemailer\\lib\\smtp-connection\\index.js:1098:20)\n    at SMTPConnection._onData (C:\\Users\\JSK\\Desktop\\apps\\backend\\node_modules\\nodemailer\\lib\\smtp-connection\\index.js:872:14)\n    at SMTPConnection._onSocketData (C:\\Users\\JSK\\Desktop\\apps\\backend\\node_modules\\nodemailer\\lib\\smtp-connection\\index.js:196:44)\n    at TLSSocket.emit (node:events:508:28)\n    at addChunk (node:internal/streams/readable:559:12)\n    at readableAddChunkPushByteMode (node:internal/streams/readable:510:3)\n    at Readable.push (node:internal/streams/readable:390:5)","timestamp":"2026-02-22 15:07:57"}
{"ip":"::1","level":"info","message":"GET /","timestamp":"2026-02-22 15:08:13","userAgent":"Mozilla/5.0 (Windows NT 10.0; Win64; x64) AppleWebKit/537.36 (KHTML, like Gecko) Chrome/145.0.0.0 Safari/537.36"}
{"ip":"::1","level":"info","message":"POST /api/v1/auth/login","timestamp":"2026-02-22 15:15:16","userAgent":"PostmanRuntime/7.51.1"}
{"level":"info","message":"User logged in: admin@company.com","timestamp":"2026-02-22 15:15:16"}
{"ip":"::1","level":"info","message":"GET /api/v1/tasks","timestamp":"2026-02-22 15:15:44","userAgent":"PostmanRuntime/7.51.1"}
{"ip":"::1","level":"error","message":"Validation failed","method":"GET","stack":"Error: Validation failed\n    at C:\\Users\\JSK\\Desktop\\apps\\backend\\node_modules\\celebrate\\lib\\celebrate.js:95:19\n    at process.processTicksAndRejections (node:internal/process/task_queues:103:5)","timestamp":"2026-02-22 15:15:44","url":"/api/v1/tasks?page=1&limit=20&status=open&priority=high","user":1}
{"ip":"::1","level":"info","message":"GET /api/v1/health","timestamp":"2026-02-22 15:16:08","userAgent":"PostmanRuntime/7.51.1"}
{"ip":"::1","level":"info","message":"GET /api/v1/tasks","timestamp":"2026-02-22 15:16:17","userAgent":"PostmanRuntime/7.51.1"}
{"ip":"::1","level":"error","message":"Validation failed","method":"GET","stack":"Error: Validation failed\n    at C:\\Users\\JSK\\Desktop\\apps\\backend\\node_modules\\celebrate\\lib\\celebrate.js:95:19\n    at process.processTicksAndRejections (node:internal/process/task_queues:103:5)","timestamp":"2026-02-22 15:16:17","url":"/api/v1/tasks?page=1&limit=20&status=open&priority=high","user":1}
{"level":"info","message":"SIGINT received. Starting graceful shutdown...","timestamp":"2026-02-22 15:17:41"}
{"level":"info","message":"Server running on port 26627 in development mode","timestamp":"2026-02-22 15:17:48"}
{"level":"info","message":"API URL: http://localhost:26627","timestamp":"2026-02-22 15:17:48"}
{"level":"info","message":"App URL: http://localhost:3000","timestamp":"2026-02-22 15:17:48"}
{"level":"info","message":"Starting cron jobs...","timestamp":"2026-02-22 15:17:48"}
{"level":"info","message":"Review reminder job started (runs hourly)","timestamp":"2026-02-22 15:17:48"}
{"level":"info","message":"Database connection established successfully","timestamp":"2026-02-22 15:17:48"}
{"code":"EAUTH","command":"AUTH PLAIN","level":"error","message":"Email transporter verification failed: Invalid login: 535-5.7.8 Username and Password not accepted. For more information, go to\n535 5.7.8  https://support.google.com/mail/?p=BadCredentials d2e1a72fcca58-826dd8fdb81sm4461673b3a.64 - gsmtp","response":"535-5.7.8 Username and Password not accepted. For more information, go to\n535 5.7.8  https://support.google.com/mail/?p=BadCredentials d2e1a72fcca58-826dd8fdb81sm4461673b3a.64 - gsmtp","responseCode":535,"stack":"Error: Invalid login: 535-5.7.8 Username and Password not accepted. For more information, go to\n535 5.7.8  https://support.google.com/mail/?p=BadCredentials d2e1a72fcca58-826dd8fdb81sm4461673b3a.64 - gsmtp\n    at SMTPConnection._formatError (C:\\Users\\JSK\\Desktop\\apps\\backend\\node_modules\\nodemailer\\lib\\smtp-connection\\index.js:912:19)\n    at SMTPConnection._actionAUTHComplete (C:\\Users\\JSK\\Desktop\\apps\\backend\\node_modules\\nodemailer\\lib\\smtp-connection\\index.js:1722:34)\n    at SMTPConnection.<anonymous> (C:\\Users\\JSK\\Desktop\\apps\\backend\\node_modules\\nodemailer\\lib\\smtp-connection\\index.js:651:26)\n    at SMTPConnection._processResponse (C:\\Users\\JSK\\Desktop\\apps\\backend\\node_modules\\nodemailer\\lib\\smtp-connection\\index.js:1098:20)\n    at SMTPConnection._onData (C:\\Users\\JSK\\Desktop\\apps\\backend\\node_modules\\nodemailer\\lib\\smtp-connection\\index.js:872:14)\n    at SMTPConnection._onSocketData (C:\\Users\\JSK\\Desktop\\apps\\backend\\node_modules\\nodemailer\\lib\\smtp-connection\\index.js:196:44)\n    at TLSSocket.emit (node:events:508:28)\n    at addChunk (node:internal/streams/readable:559:12)\n    at readableAddChunkPushByteMode (node:internal/streams/readable:510:3)\n    at Readable.push (node:internal/streams/readable:390:5)","timestamp":"2026-02-22 15:17:49"}
{"ip":"::1","level":"info","message":"GET /api/v1/tasks","timestamp":"2026-02-22 15:17:56","userAgent":"PostmanRuntime/7.51.1"}
{"level":"info","message":"Starting review reminder job","timestamp":"2026-02-22 16:00:00"}
{"level":"info","message":"Found 0 tasks needing review reminders","timestamp":"2026-02-22 16:00:00"}
{"level":"info","message":"Review reminder job completed","timestamp":"2026-02-22 16:00:00"}
{"level":"info","message":"SIGINT received. Starting graceful shutdown...","timestamp":"2026-02-22 16:17:16"}
{"level":"info","message":"Server running on port 26627 in development mode","timestamp":"2026-02-22 16:17:23"}
{"level":"info","message":"API URL: http://localhost:26627","timestamp":"2026-02-22 16:17:23"}
{"level":"info","message":"App URL: http://localhost:3000","timestamp":"2026-02-22 16:17:23"}
{"level":"info","message":"Starting cron jobs...","timestamp":"2026-02-22 16:17:23"}
{"level":"info","message":"Review reminder job started (runs hourly)","timestamp":"2026-02-22 16:17:23"}
{"level":"info","message":"Database connection established successfully","timestamp":"2026-02-22 16:17:23"}
{"code":"EAUTH","command":"AUTH PLAIN","level":"error","message":"Email transporter verification failed: Invalid login: 535-5.7.8 Username and Password not accepted. For more information, go to\n535 5.7.8  https://support.google.com/mail/?p=BadCredentials 98e67ed59e1d1-358a2a3c04csm4326847a91.3 - gsmtp","response":"535-5.7.8 Username and Password not accepted. For more information, go to\n535 5.7.8  https://support.google.com/mail/?p=BadCredentials 98e67ed59e1d1-358a2a3c04csm4326847a91.3 - gsmtp","responseCode":535,"stack":"Error: Invalid login: 535-5.7.8 Username and Password not accepted. For more information, go to\n535 5.7.8  https://support.google.com/mail/?p=BadCredentials 98e67ed59e1d1-358a2a3c04csm4326847a91.3 - gsmtp\n    at SMTPConnection._formatError (C:\\Users\\JSK\\Desktop\\apps\\backend\\node_modules\\nodemailer\\lib\\smtp-connection\\index.js:912:19)\n    at SMTPConnection._actionAUTHComplete (C:\\Users\\JSK\\Desktop\\apps\\backend\\node_modules\\nodemailer\\lib\\smtp-connection\\index.js:1722:34)\n    at SMTPConnection.<anonymous> (C:\\Users\\JSK\\Desktop\\apps\\backend\\node_modules\\nodemailer\\lib\\smtp-connection\\index.js:651:26)\n    at SMTPConnection._processResponse (C:\\Users\\JSK\\Desktop\\apps\\backend\\node_modules\\nodemailer\\lib\\smtp-connection\\index.js:1098:20)\n    at SMTPConnection._onData (C:\\Users\\JSK\\Desktop\\apps\\backend\\node_modules\\nodemailer\\lib\\smtp-connection\\index.js:872:14)\n    at SMTPConnection._onSocketData (C:\\Users\\JSK\\Desktop\\apps\\backend\\node_modules\\nodemailer\\lib\\smtp-connection\\index.js:196:44)\n    at TLSSocket.emit (node:events:508:28)\n    at addChunk (node:internal/streams/readable:559:12)\n    at readableAddChunkPushByteMode (node:internal/streams/readable:510:3)\n    at Readable.push (node:internal/streams/readable:390:5)","timestamp":"2026-02-22 16:17:25"}
{"level":"info","message":"SIGINT received. Starting graceful shutdown...","timestamp":"2026-02-22 16:20:58"}
{"level":"info","message":"Server running on port 26627 in development mode","timestamp":"2026-02-22 16:21:09"}
{"level":"info","message":"API URL: http://localhost:26627","timestamp":"2026-02-22 16:21:09"}
{"level":"info","message":"App URL: http://localhost:3000","timestamp":"2026-02-22 16:21:09"}
{"level":"info","message":"Starting cron jobs...","timestamp":"2026-02-22 16:21:09"}
{"level":"info","message":"Review reminder job started (runs hourly)","timestamp":"2026-02-22 16:21:09"}
{"level":"info","message":"Database connection established successfully","timestamp":"2026-02-22 16:21:09"}
{"code":"EAUTH","command":"AUTH PLAIN","level":"error","message":"Email transporter verification failed: Invalid login: 535-5.7.8 Username and Password not accepted. For more information, go to\n535 5.7.8  https://support.google.com/mail/?p=BadCredentials d9443c01a7336-2ad74f619f8sm43316995ad.36 - gsmtp","response":"535-5.7.8 Username and Password not accepted. For more information, go to\n535 5.7.8  https://support.google.com/mail/?p=BadCredentials d9443c01a7336-2ad74f619f8sm43316995ad.36 - gsmtp","responseCode":535,"stack":"Error: Invalid login: 535-5.7.8 Username and Password not accepted. For more information, go to\n535 5.7.8  https://support.google.com/mail/?p=BadCredentials d9443c01a7336-2ad74f619f8sm43316995ad.36 - gsmtp\n    at SMTPConnection._formatError (C:\\Users\\JSK\\Desktop\\apps\\backend\\node_modules\\nodemailer\\lib\\smtp-connection\\index.js:912:19)\n    at SMTPConnection._actionAUTHComplete (C:\\Users\\JSK\\Desktop\\apps\\backend\\node_modules\\nodemailer\\lib\\smtp-connection\\index.js:1722:34)\n    at SMTPConnection.<anonymous> (C:\\Users\\JSK\\Desktop\\apps\\backend\\node_modules\\nodemailer\\lib\\smtp-connection\\index.js:651:26)\n    at SMTPConnection._processResponse (C:\\Users\\JSK\\Desktop\\apps\\backend\\node_modules\\nodemailer\\lib\\smtp-connection\\index.js:1098:20)\n    at SMTPConnection._onData (C:\\Users\\JSK\\Desktop\\apps\\backend\\node_modules\\nodemailer\\lib\\smtp-connection\\index.js:872:14)\n    at SMTPConnection._onSocketData (C:\\Users\\JSK\\Desktop\\apps\\backend\\node_modules\\nodemailer\\lib\\smtp-connection\\index.js:196:44)\n    at TLSSocket.emit (node:events:508:28)\n    at addChunk (node:internal/streams/readable:559:12)\n    at readableAddChunkPushByteMode (node:internal/streams/readable:510:3)\n    at Readable.push (node:internal/streams/readable:390:5)","timestamp":"2026-02-22 16:21:11"}
{"ip":"::1","level":"info","message":"GET /api/v1","timestamp":"2026-02-22 21:55:22","userAgent":"Mozilla/5.0 (Windows NT 10.0; Win64; x64) AppleWebKit/537.36 (KHTML, like Gecko) Chrome/145.0.0.0 Safari/537.36"}
{"ip":"::1","level":"info","message":"GET /favicon.ico","timestamp":"2026-02-22 21:55:22","userAgent":"Mozilla/5.0 (Windows NT 10.0; Win64; x64) AppleWebKit/537.36 (KHTML, like Gecko) Chrome/145.0.0.0 Safari/537.36"}
{"level":"info","message":"SIGINT received. Starting graceful shutdown...","timestamp":"2026-02-22 21:55:39"}
{"level":"info","message":"Server running on port 26627 in development mode","timestamp":"2026-02-22 21:55:43"}
{"level":"info","message":"API URL: http://localhost:26627","timestamp":"2026-02-22 21:55:43"}
{"level":"info","message":"App URL: http://localhost:3000","timestamp":"2026-02-22 21:55:43"}
{"level":"info","message":"Starting cron jobs...","timestamp":"2026-02-22 21:55:43"}
{"level":"info","message":"Review reminder job started (runs hourly)","timestamp":"2026-02-22 21:55:43"}
{"level":"info","message":"Database connection established successfully","timestamp":"2026-02-22 21:55:43"}
{"code":"EAUTH","command":"AUTH PLAIN","level":"error","message":"Email transporter verification failed: Invalid login: 535-5.7.8 Username and Password not accepted. For more information, go to\n535 5.7.8  https://support.google.com/mail/?p=BadCredentials 98e67ed59e1d1-358af701c88sm4498614a91.3 - gsmtp","response":"535-5.7.8 Username and Password not accepted. For more information, go to\n535 5.7.8  https://support.google.com/mail/?p=BadCredentials 98e67ed59e1d1-358af701c88sm4498614a91.3 - gsmtp","responseCode":535,"stack":"Error: Invalid login: 535-5.7.8 Username and Password not accepted. For more information, go to\n535 5.7.8  https://support.google.com/mail/?p=BadCredentials 98e67ed59e1d1-358af701c88sm4498614a91.3 - gsmtp\n    at SMTPConnection._formatError (C:\\Users\\JSK\\Desktop\\apps\\backend\\node_modules\\nodemailer\\lib\\smtp-connection\\index.js:912:19)\n    at SMTPConnection._actionAUTHComplete (C:\\Users\\JSK\\Desktop\\apps\\backend\\node_modules\\nodemailer\\lib\\smtp-connection\\index.js:1722:34)\n    at SMTPConnection.<anonymous> (C:\\Users\\JSK\\Desktop\\apps\\backend\\node_modules\\nodemailer\\lib\\smtp-connection\\index.js:651:26)\n    at SMTPConnection._processResponse (C:\\Users\\JSK\\Desktop\\apps\\backend\\node_modules\\nodemailer\\lib\\smtp-connection\\index.js:1098:20)\n    at SMTPConnection._onData (C:\\Users\\JSK\\Desktop\\apps\\backend\\node_modules\\nodemailer\\lib\\smtp-connection\\index.js:872:14)\n    at SMTPConnection._onSocketData (C:\\Users\\JSK\\Desktop\\apps\\backend\\node_modules\\nodemailer\\lib\\smtp-connection\\index.js:196:44)\n    at TLSSocket.emit (node:events:508:28)\n    at addChunk (node:internal/streams/readable:559:12)\n    at readableAddChunkPushByteMode (node:internal/streams/readable:510:3)\n    at Readable.push (node:internal/streams/readable:390:5)","timestamp":"2026-02-22 21:55:44"}
{"ip":"::1","level":"info","message":"GET /api/v1","timestamp":"2026-02-22 21:55:48","userAgent":"Mozilla/5.0 (Windows NT 10.0; Win64; x64) AppleWebKit/537.36 (KHTML, like Gecko) Chrome/145.0.0.0 Safari/537.36"}
{"ip":"::1","level":"info","message":"GET /api/v1","timestamp":"2026-02-22 21:55:52","userAgent":"Mozilla/5.0 (Windows NT 10.0; Win64; x64) AppleWebKit/537.36 (KHTML, like Gecko) Chrome/145.0.0.0 Safari/537.36"}
{"ip":"::1","level":"info","message":"GET /api/v1","timestamp":"2026-02-22 21:55:53","userAgent":"Mozilla/5.0 (Windows NT 10.0; Win64; x64) AppleWebKit/537.36 (KHTML, like Gecko) Chrome/145.0.0.0 Safari/537.36"}
{"ip":"::1","level":"info","message":"GET /api/v1","timestamp":"2026-02-22 21:55:53","userAgent":"Mozilla/5.0 (Windows NT 10.0; Win64; x64) AppleWebKit/537.36 (KHTML, like Gecko) Chrome/145.0.0.0 Safari/537.36"}
{"level":"info","message":"HTTP server closed","timestamp":"2026-02-22 21:55:59"}
{"level":"info","message":"Starting review reminder job","timestamp":"2026-02-22 22:00:00"}
{"level":"info","message":"Found 0 tasks needing review reminders","timestamp":"2026-02-22 22:00:01"}
{"level":"info","message":"Review reminder job completed","timestamp":"2026-02-22 22:00:01"}
{"ip":"::1","level":"info","message":"GET /api/v1","timestamp":"2026-02-22 22:10:21","userAgent":"Mozilla/5.0 (Windows NT 10.0; Win64; x64) AppleWebKit/537.36 (KHTML, like Gecko) Chrome/145.0.0.0 Safari/537.36"}
{"ip":"::1","level":"info","message":"GET /api/v1","timestamp":"2026-02-22 22:12:22","userAgent":"Mozilla/5.0 (Windows NT 10.0; Win64; x64) AppleWebKit/537.36 (KHTML, like Gecko) Chrome/145.0.0.0 Safari/537.36"}
{"ip":"::1","level":"info","message":"GET /api/v1","timestamp":"2026-02-22 22:14:09","userAgent":"Mozilla/5.0 (Windows NT 10.0; Win64; x64) AppleWebKit/537.36 (KHTML, like Gecko) Chrome/145.0.0.0 Safari/537.36"}
{"ip":"::1","level":"info","message":"GET /","timestamp":"2026-02-22 22:15:14","userAgent":"Mozilla/5.0 (Windows NT 10.0; Win64; x64) AppleWebKit/537.36 (KHTML, like Gecko) Chrome/145.0.0.0 Safari/537.36"}
{"ip":"::1","level":"info","message":"POST /api/v1/auth/login","timestamp":"2026-02-22 22:15:46","userAgent":"PostmanRuntime/7.51.1"}
{"level":"info","message":"User logged in: admin@company.com","timestamp":"2026-02-22 22:15:46"}
{"level":"info","message":"Starting review reminder job","timestamp":"2026-02-22 23:00:00"}
{"level":"info","message":"Found 0 tasks needing review reminders","timestamp":"2026-02-22 23:00:00"}
{"level":"info","message":"Review reminder job completed","timestamp":"2026-02-22 23:00:00"}
